#-----------------------------------------------------------
# Vivado v2018.2 (64-bit)
# SW Build 2258646 on Thu Jun 14 20:02:38 MDT 2018
# IP Build 2256618 on Thu Jun 14 22:10:49 MDT 2018
# Start of session at: Tue Apr 23 12:33:12 2024
# Process ID: 7291
# Current directory: /home/mlazoy/project_5
# Command line: vivado
# Log file: /home/mlazoy/project_5/vivado.log
# Journal file: /home/mlazoy/project_5/vivado.jou
#-----------------------------------------------------------
start_gui
open_project /home/mlazoy/project_5/project_5.xpr
Scanning sources...
Finished scanning sources
INFO: [IP_Flow 19-234] Refreshing IP repositories
INFO: [IP_Flow 19-1700] Loaded user IP repository '/home/mlazoy/project_5/AXI_FIR_1.0'.
INFO: [IP_Flow 19-1700] Loaded user IP repository '/home/mlazoy/project_5/fir_bus_1.0'.
INFO: [IP_Flow 19-2313] Loaded Vivado IP repository '/opt/Xilinx/Vivado/2018.2/data/ip'.
update_compile_order -fileset sources_1
open_bd_design {/home/mlazoy/project_5/project_5.srcs/sources_1/bd/design_1/design_1.bd}
Successfully read diagram <design_1> from BD file </home/mlazoy/project_5/project_5.srcs/sources_1/bd/design_1/design_1.bd>
open_bd_design: Time (s): cpu = 00:00:07 ; elapsed = 00:00:05 . Memory (MB): peak = 6177.688 ; gain = 47.355 ; free physical = 3289 ; free virtual = 9504
open_bd_design {/home/mlazoy/project_5/project_5.srcs/sources_1/bd/design_1/design_1.bd}
exit
INFO: [Common 17-206] Exiting Vivado at Tue Apr 23 12:34:49 2024...
